\BOOKMARK [0][-]{section*.1}{\376\377\000S\000u\000m\000m\000a\000r\000y}{}% 1
\BOOKMARK [0][-]{section*.4}{\376\377\000L\000i\000s\000t\000\040\000o\000f\000\040\000F\000i\000g\000u\000r\000e\000s}{}% 2
\BOOKMARK [0][-]{chapter.1}{\376\377\000D\000a\000t\000a\000\040\000C\000o\000l\000l\000e\000c\000t\000i\000o\000n}{}% 3
\BOOKMARK [1][-]{section.1.1}{\376\377\000O\000b\000j\000e\000c\000t\000i\000v\000e}{chapter.1}% 4
\BOOKMARK [1][-]{section.1.2}{\376\377\000T\000o\000o\000l\000s\000\040\000a\000n\000d\000\040\000L\000i\000b\000r\000a\000r\000i\000e\000s\000\040\000U\000s\000e\000d}{chapter.1}% 5
\BOOKMARK [1][-]{section.1.3}{\376\377\000M\000e\000t\000h\000o\000d\000o\000l\000o\000g\000y}{chapter.1}% 6
\BOOKMARK [2][-]{subsection.1.3.1}{\376\377\000U\000R\000L\000\040\000M\000a\000n\000a\000g\000e\000m\000e\000n\000t}{section.1.3}% 7
\BOOKMARK [2][-]{subsection.1.3.2}{\376\377\000T\000a\000b\000l\000e\000\040\000E\000x\000t\000r\000a\000c\000t\000i\000o\000n}{section.1.3}% 8
\BOOKMARK [2][-]{subsection.1.3.3}{\376\377\000D\000a\000t\000a\000\040\000I\000n\000t\000e\000g\000r\000a\000t\000i\000o\000n}{section.1.3}% 9
\BOOKMARK [2][-]{subsection.1.3.4}{\376\377\000F\000i\000l\000t\000e\000r\000i\000n\000g\000\040\000a\000n\000d\000\040\000C\000l\000e\000a\000n\000i\000n\000g}{section.1.3}% 10
\BOOKMARK [2][-]{subsection.1.3.5}{\376\377\000O\000u\000t\000p\000u\000t}{section.1.3}% 11
\BOOKMARK [1][-]{section.1.4}{\376\377\000R\000e\000s\000u\000l\000t}{chapter.1}% 12
\BOOKMARK [0][-]{chapter.2}{\376\377\000S\000t\000a\000t\000i\000s\000t\000i\000c\000a\000l\000\040\000A\000n\000a\000l\000y\000s\000i\000s\000\040\000\046\000\040\000V\000i\000s\000u\000a\000l\000i\000z\000a\000t\000i\000o\000n}{}% 13
\BOOKMARK [1][-]{section.2.1}{\376\377\000O\000b\000j\000e\000c\000t\000i\000v\000e}{chapter.2}% 14
\BOOKMARK [1][-]{section.2.2}{\376\377\000T\000o\000o\000l\000s\000\040\000a\000n\000d\000\040\000L\000i\000b\000r\000a\000r\000i\000e\000s\000\040\000U\000s\000e\000d}{chapter.2}% 15
\BOOKMARK [1][-]{section.2.3}{\376\377\000M\000e\000t\000h\000o\000d\000o\000l\000o\000g\000y}{chapter.2}% 16
\BOOKMARK [2][-]{subsection.2.3.1}{\376\377\000T\000o\000p\000\040\0003\000\040\000a\000n\000d\000\040\000B\000o\000t\000t\000o\000m\000\040\0003\000\040\000P\000l\000a\000y\000e\000r\000s\000\040\000b\000y\000\040\000S\000t\000a\000t\000i\000s\000t\000i\000c}{section.2.3}% 17
\BOOKMARK [2][-]{subsection.2.3.2}{\376\377\000S\000u\000m\000m\000a\000r\000y\000\040\000S\000t\000a\000t\000i\000s\000t\000i\000c\000s}{section.2.3}% 18
\BOOKMARK [2][-]{subsection.2.3.3}{\376\377\000H\000i\000s\000t\000o\000g\000r\000a\000m\000\040\000V\000i\000s\000u\000a\000l\000i\000z\000a\000t\000i\000o\000n}{section.2.3}% 19
\BOOKMARK [2][-]{subsection.2.3.4}{\376\377\000T\000e\000a\000m\000\040\000P\000e\000r\000f\000o\000r\000m\000a\000n\000c\000e\000\040\000E\000v\000a\000l\000u\000a\000t\000i\000o\000n}{section.2.3}% 20
\BOOKMARK [1][-]{section.2.4}{\376\377\000R\000e\000s\000u\000l\000t}{chapter.2}% 21
\BOOKMARK [0][-]{chapter.3}{\376\377\000C\000l\000u\000s\000t\000e\000r\000i\000n\000g\000\040\000a\000n\000d\000\040\000D\000i\000m\000e\000n\000s\000i\000o\000n\000a\000l\000i\000t\000y\000\040\000R\000e\000d\000u\000c\000t\000i\000o\000n}{}% 22
\BOOKMARK [1][-]{section.3.1}{\376\377\000O\000b\000j\000e\000c\000t\000i\000v\000e}{chapter.3}% 23
\BOOKMARK [1][-]{section.3.2}{\376\377\000T\000o\000o\000l\000s\000\040\000a\000n\000d\000\040\000L\000i\000b\000r\000a\000r\000i\000e\000s\000\040\000U\000s\000e\000d}{chapter.3}% 24
\BOOKMARK [1][-]{section.3.3}{\376\377\000M\000e\000t\000h\000o\000d\000o\000l\000o\000g\000y}{chapter.3}% 25
\BOOKMARK [2][-]{subsection.3.3.1}{\376\377\000D\000a\000t\000a\000\040\000P\000r\000e\000p\000r\000o\000c\000e\000s\000s\000i\000n\000g}{section.3.3}% 26
\BOOKMARK [2][-]{subsection.3.3.2}{\376\377\000O\000p\000t\000i\000m\000a\000l\000\040\000K\000\040\000D\000e\000t\000e\000r\000m\000i\000n\000a\000t\000i\000o\000n}{section.3.3}% 27
\BOOKMARK [2][-]{subsection.3.3.3}{\376\377\000K\000-\000M\000e\000a\000n\000s\000\040\000C\000l\000u\000s\000t\000e\000r\000i\000n\000g\000\040\000a\000n\000d\000\040\000D\000i\000m\000e\000n\000s\000i\000o\000n\000a\000l\000i\000t\000y\000\040\000R\000e\000d\000u\000c\000t\000i\000o\000n\000\040\000w\000i\000t\000h\000\040\000P\000C\000A}{section.3.3}% 28
\BOOKMARK [1][-]{section.3.4}{\376\377\000R\000e\000s\000u\000l\000t}{chapter.3}% 29
\BOOKMARK [0][-]{chapter.4}{\376\377\000P\000l\000a\000y\000e\000r\000\040\000T\000r\000a\000n\000s\000f\000e\000r\000\040\000V\000a\000l\000u\000e\000s\000\040\000a\000n\000d\000\040\000V\000a\000l\000u\000e\000\040\000E\000s\000t\000i\000m\000a\000t\000i\000o\000n}{}% 30
\BOOKMARK [1][-]{section.4.1}{\376\377\000O\000b\000j\000e\000c\000t\000i\000v\000e}{chapter.4}% 31
\BOOKMARK [1][-]{section.4.2}{\376\377\000T\000o\000o\000l\000s\000\040\000a\000n\000d\000\040\000L\000i\000b\000r\000a\000r\000i\000e\000s\000\040\000U\000s\000e\000d}{chapter.4}% 32
\BOOKMARK [1][-]{section.4.3}{\376\377\000M\000e\000t\000h\000o\000d\000o\000l\000o\000g\000y}{chapter.4}% 33
\BOOKMARK [2][-]{subsection.4.3.1}{\376\377\000D\000a\000t\000a\000\040\000C\000o\000l\000l\000e\000c\000t\000i\000o\000n}{section.4.3}% 34
\BOOKMARK [2][-]{subsection.4.3.2}{\376\377\000F\000e\000a\000t\000u\000r\000e\000\040\000S\000e\000l\000e\000c\000t\000i\000o\000n\000\040\000a\000n\000d\000\040\000M\000o\000d\000e\000l\000i\000n\000g}{section.4.3}% 35
\BOOKMARK [0][-]{section*.6}{\376\377\000C\000o\000n\000c\000l\000u\000s\000i\000o\000n}{}% 36
\BOOKMARK [0][-]{section*.7}{\376\377\000R\000e\000f\000e\000r\000e\000n\000c\000e\000s}{}% 37
